/home/ssm-user/src/oq-engine/openquake/hazardlib/gsim/base.py:347: ExperimentalWarning: CanadaSHM6_ActiveCrust_BooreEtAl2014 is experimental and may change in future versions - the user is liable for their application
  warnings.warn(msg, ExperimentalWarning)
/home/ssm-user/src/oq-engine/openquake/hazardlib/gsim/base.py:347: ExperimentalWarning: CanadaSHM6_ActiveCrust_AbrahamsonEtAl2014 is experimental and may change in future versions - the user is liable for their application
  warnings.warn(msg, ExperimentalWarning)
/home/ssm-user/src/oq-engine/openquake/hazardlib/gsim/base.py:347: ExperimentalWarning: CanadaSHM6_ActiveCrust_BooreEtAl2014 is experimental and may change in future versions - the user is liable for their application
  warnings.warn(msg, ExperimentalWarning)
/home/ssm-user/src/oq-engine/openquake/hazardlib/gsim/base.py:347: ExperimentalWarning: CanadaSHM6_ActiveCrust_CampbellBozorgnia2014 is experimental and may change in future versions - the user is liable for their application
  warnings.warn(msg, ExperimentalWarning)
/home/ssm-user/src/oq-engine/openquake/hazardlib/gsim/base.py:347: ExperimentalWarning: CanadaSHM6_ActiveCrust_ChiouYoungs2014 is experimental and may change in future versions - the user is liable for their application
  warnings.warn(msg, ExperimentalWarning)
[2022-01-19 20:55:47 #300 INFO] root running /mnt/storage/canada-srm2/ebRisk/input/ebRisk_b0_BC_V_GreaterVancouverSouth.ini [--hc=294]
[2022-01-19 20:55:47 #300 INFO] Using engine version 3.11.3-git0cccb86798
[2022-01-19 20:55:47 #300 WARNING] Version v3.12.1 of the engine is available, but you are still using version 3.11.3-git0cccb86798
[2022-01-19 20:55:47 #300 WARNING] Using 96 cores on ip-10-70-136-20
[2022-01-19 20:55:47 #300 INFO] Validated nationalModel.xml in 0.02 seconds
[2022-01-19 20:55:47 #300 INFO] Checksum of the input files: 514598877
[2022-01-19 20:55:47 #300 INFO] Reading the risk model if present
[2022-01-19 20:56:10 #300 INFO] Reading /mnt/storage/openquake-inputs/exposure/general-building-stock/oqBldgExp_BC_V_GreaterVancouverSouth.xml
[2022-01-19 20:56:15 #300 INFO] Associated 37618 assets to 31 sites
[2022-01-19 20:56:19 #300 INFO] Reducing risk model from 7260 to 897 taxonomies
[2022-01-19 20:56:20 #300 INFO] minimum_asset_loss={'contents': 0, 'nonstructural': 0, 'occupants': 0, 'structural': 0}
[2022-01-19 20:56:20 #300 INFO] Storing 1470 aggregation keys
[2022-01-19 20:56:20 #300 INFO] Storing risk model
[2022-01-19 20:56:21 #300 WARNING] The calculation is really big; consider setting minimum_asset_loss
[2022-01-19 20:56:21 #300 INFO] minimum_intensity={'SA(0.3)': 0.02, 'SA(0.6)': 0.05, 'SA(1.0)': 0.05, 'SA(2.0)': 0.05, 'SA(0.5)': 0.05}
[2022-01-19 20:56:21 #300 INFO] Sending 2_867_826 ruptures
[2022-01-19 20:58:36 #300 INFO] Sent 204 tasks, 315.73 MB in 124 seconds
[2022-01-19 20:58:36 #300 INFO] start_ebrisk   1% [250 submitted, 0 queued]
[2022-01-19 20:58:36 #300 INFO] start_ebrisk   2% [250 submitted, 0 queued]
[2022-01-19 20:59:53 #300 INFO] start_ebrisk   3% [252 submitted, 0 queued]
[2022-01-19 21:00:14 #300 INFO] start_ebrisk   4% [252 submitted, 0 queued]
[2022-01-19 21:00:30 #300 INFO] start_ebrisk   5% [255 submitted, 0 queued]
[2022-01-19 21:01:40 #300 INFO] start_ebrisk   6% [256 submitted, 0 queued]
[2022-01-19 21:03:44 #300 INFO] start_ebrisk   7% [257 submitted, 0 queued]
[2022-01-19 21:04:49 #300 INFO] start_ebrisk   8% [257 submitted, 0 queued]
[2022-01-19 21:04:51 #300 INFO] start_ebrisk   9% [257 submitted, 0 queued]
[2022-01-19 21:04:54 #300 INFO] start_ebrisk  10% [257 submitted, 0 queued]
[2022-01-19 21:04:57 #300 INFO] start_ebrisk  11% [257 submitted, 0 queued]
[2022-01-19 21:05:08 #300 INFO] start_ebrisk  12% [261 submitted, 0 queued]
[2022-01-19 21:05:18 #300 INFO] start_ebrisk  13% [264 submitted, 0 queued]
[2022-01-19 21:05:37 #300 INFO] start_ebrisk  14% [264 submitted, 0 queued]
[2022-01-19 21:07:14 #300 INFO] start_ebrisk  15% [267 submitted, 0 queued]
[2022-01-19 21:08:22 #300 INFO] start_ebrisk  16% [269 submitted, 0 queued]
[2022-01-19 21:08:38 #300 INFO] start_ebrisk  17% [269 submitted, 0 queued]
[2022-01-19 21:09:22 #300 INFO] start_ebrisk  18% [269 submitted, 0 queued]
[2022-01-19 21:11:22 #300 INFO] start_ebrisk  19% [269 submitted, 0 queued]
[2022-01-19 21:12:37 #300 INFO] start_ebrisk  20% [269 submitted, 0 queued]
[2022-01-19 21:12:58 #300 INFO] start_ebrisk  21% [273 submitted, 0 queued]
[2022-01-19 21:13:34 #300 INFO] start_ebrisk  22% [276 submitted, 0 queued]
[2022-01-19 21:14:34 #300 INFO] start_ebrisk  23% [276 submitted, 0 queued]
[2022-01-19 21:15:32 #300 INFO] start_ebrisk  24% [276 submitted, 0 queued]
[2022-01-19 21:15:43 #300 INFO] start_ebrisk  25% [276 submitted, 0 queued]
[2022-01-19 21:18:04 #300 INFO] start_ebrisk  26% [276 submitted, 0 queued]
[2022-01-19 21:20:53 #300 INFO] start_ebrisk  27% [276 submitted, 0 queued]
[2022-01-19 21:22:12 #300 INFO] start_ebrisk  28% [276 submitted, 0 queued]
[2022-01-19 21:28:24 #300 INFO] start_ebrisk  29% [278 submitted, 0 queued]
[2022-01-19 21:37:39 #300 INFO] start_ebrisk  30% [280 submitted, 0 queued]
[2022-01-19 21:43:04 #300 INFO] start_ebrisk  31% [284 submitted, 0 queued]
[2022-01-19 21:45:32 #300 INFO] start_ebrisk  32% [287 submitted, 0 queued]
[2022-01-19 21:48:18 #300 INFO] start_ebrisk  33% [290 submitted, 0 queued]
[2022-01-19 21:54:29 #300 INFO] start_ebrisk  34% [293 submitted, 0 queued]
[2022-01-19 21:56:54 #300 INFO] start_ebrisk  35% [296 submitted, 0 queued]
[2022-01-19 22:01:11 #300 INFO] start_ebrisk  36% [300 submitted, 0 queued]
[2022-01-19 22:03:04 #300 INFO] start_ebrisk  37% [300 submitted, 0 queued]
[2022-01-19 22:05:04 #300 INFO] start_ebrisk  38% [300 submitted, 0 queued]
[2022-01-19 22:07:03 #300 INFO] start_ebrisk  39% [300 submitted, 0 queued]
[2022-01-19 22:08:09 #300 INFO] start_ebrisk  40% [300 submitted, 0 queued]
[2022-01-19 22:08:32 #300 INFO] start_ebrisk  41% [300 submitted, 0 queued]
[2022-01-19 22:12:03 #300 INFO] start_ebrisk  42% [300 submitted, 0 queued]
[2022-01-19 22:14:42 #300 INFO] start_ebrisk  43% [300 submitted, 0 queued]
[2022-01-19 22:15:44 #300 INFO] start_ebrisk  44% [300 submitted, 0 queued]
[2022-01-19 22:18:13 #300 INFO] start_ebrisk  45% [300 submitted, 0 queued]
[2022-01-19 22:23:42 #300 INFO] start_ebrisk  46% [300 submitted, 0 queued]
[2022-01-19 22:33:05 #300 INFO] start_ebrisk  47% [300 submitted, 0 queued]
[2022-01-19 22:36:53 #300 INFO] start_ebrisk  48% [300 submitted, 0 queued]
[2022-01-19 22:40:29 #300 INFO] start_ebrisk  49% [300 submitted, 0 queued]
[2022-01-19 22:43:57 #300 INFO] start_ebrisk  50% [300 submitted, 0 queued]
[2022-01-19 22:46:04 #300 INFO] start_ebrisk  51% [300 submitted, 0 queued]
[2022-01-19 22:53:41 #300 INFO] start_ebrisk  52% [300 submitted, 0 queued]
[2022-01-19 23:03:47 #300 INFO] start_ebrisk  53% [300 submitted, 0 queued]
[2022-01-19 23:08:12 #300 INFO] start_ebrisk  54% [300 submitted, 0 queued]
[2022-01-19 23:13:00 #300 INFO] start_ebrisk  55% [300 submitted, 0 queued]
[2022-01-19 23:17:16 #300 INFO] start_ebrisk  56% [300 submitted, 0 queued]
[2022-01-20 00:10:46 #300 INFO] start_ebrisk  57% [300 submitted, 0 queued]
[2022-01-20 00:14:36 #300 INFO] start_ebrisk  58% [300 submitted, 0 queued]
[2022-01-20 00:16:24 #300 INFO] start_ebrisk  59% [300 submitted, 0 queued]
[2022-01-20 00:36:38 #300 INFO] start_ebrisk  60% [300 submitted, 0 queued]
[2022-01-20 01:32:53 #300 INFO] start_ebrisk  61% [300 submitted, 0 queued]
[2022-01-20 01:41:07 #300 INFO] start_ebrisk  62% [300 submitted, 0 queued]
[2022-01-20 01:42:58 #300 INFO] start_ebrisk  63% [300 submitted, 0 queued]
[2022-01-20 01:44:52 #300 INFO] start_ebrisk  64% [300 submitted, 0 queued]
[2022-01-20 01:45:59 #300 INFO] start_ebrisk  65% [300 submitted, 0 queued]
[2022-01-20 01:49:07 #300 INFO] start_ebrisk  66% [300 submitted, 0 queued]
[2022-01-20 01:51:20 #300 INFO] start_ebrisk  67% [300 submitted, 0 queued]
[2022-01-20 01:53:45 #300 INFO] start_ebrisk  68% [300 submitted, 0 queued]
[2022-01-20 01:54:38 #300 INFO] start_ebrisk  69% [300 submitted, 0 queued]
[2022-01-20 01:57:02 #300 INFO] start_ebrisk  70% [300 submitted, 0 queued]
[2022-01-20 02:01:14 #300 INFO] start_ebrisk  71% [300 submitted, 0 queued]
[2022-01-20 02:14:45 #300 INFO] start_ebrisk  72% [300 submitted, 0 queued]
[2022-01-20 02:18:48 #300 INFO] start_ebrisk  73% [300 submitted, 0 queued]
[2022-01-20 02:22:47 #300 INFO] start_ebrisk  74% [300 submitted, 0 queued]
[2022-01-20 02:30:55 #300 INFO] start_ebrisk  75% [300 submitted, 0 queued]
[2022-01-20 02:39:26 #300 INFO] start_ebrisk  76% [300 submitted, 0 queued]
[2022-01-20 02:46:08 #300 INFO] start_ebrisk  77% [300 submitted, 0 queued]
[2022-01-20 02:49:06 #300 INFO] start_ebrisk  78% [300 submitted, 0 queued]
[2022-01-20 02:52:12 #300 INFO] start_ebrisk  79% [300 submitted, 0 queued]
[2022-01-20 03:02:46 #300 INFO] start_ebrisk  80% [300 submitted, 0 queued]
[2022-01-20 03:09:57 #300 INFO] start_ebrisk  81% [300 submitted, 0 queued]
[2022-01-20 03:21:00 #300 INFO] start_ebrisk  82% [300 submitted, 0 queued]
[2022-01-20 03:34:38 #300 INFO] start_ebrisk  83% [300 submitted, 0 queued]
[2022-01-20 03:41:49 #300 INFO] start_ebrisk  84% [300 submitted, 0 queued]
[2022-01-20 03:47:03 #300 INFO] start_ebrisk  85% [300 submitted, 0 queued]
[2022-01-20 04:02:43 #300 INFO] start_ebrisk  86% [300 submitted, 0 queued]
[2022-01-20 04:20:01 #300 INFO] start_ebrisk  87% [300 submitted, 0 queued]
[2022-01-20 04:24:45 #300 INFO] start_ebrisk  88% [300 submitted, 0 queued]
[2022-01-20 04:28:50 #300 WARNING] Using over 90% of the memory in ip-10-70-136-20!
[2022-01-20 04:29:43 #300 INFO] start_ebrisk  89% [300 submitted, 0 queued]
[2022-01-20 04:48:03 #300 INFO] Received {'alt': '13.28 GB', 'losses_by_A': '152.72 MB', 'momenta': '29.42 MB', 'gmf_info': '23.08 MB', 'events_per_sid': '5.46 KB'} in 28167 seconds
[2022-01-20 04:48:03 #300 CRITICAL] 
Traceback (most recent call last):
  File "/home/ssm-user/openquake/lib/python3.8/site-packages/psutil/_common.py", line 340, in wrapper
    ret = self._cache[fun]
AttributeError: _cache

During handling of the above exception, another exception occurred:

Traceback (most recent call last):
  File "/home/ssm-user/openquake/lib/python3.8/site-packages/psutil/_pslinux.py", line 1517, in wrapper
    return fun(self, *args, **kwargs)
  File "/home/ssm-user/openquake/lib/python3.8/site-packages/psutil/_common.py", line 343, in wrapper
    return fun(self)
  File "/home/ssm-user/openquake/lib/python3.8/site-packages/psutil/_pslinux.py", line 1559, in _parse_stat_file
    with open_binary("%s/%s/stat" % (self._procfs_path, self.pid)) as f:
  File "/home/ssm-user/openquake/lib/python3.8/site-packages/psutil/_common.py", line 604, in open_binary
    return open(fname, "rb", **kwargs)
FileNotFoundError: [Errno 2] No such file or directory: '/proc/2056/stat'

During handling of the above exception, another exception occurred:

Traceback (most recent call last):
  File "/home/ssm-user/openquake/lib/python3.8/site-packages/psutil/__init__.py", line 474, in _init
    self.create_time()
  File "/home/ssm-user/openquake/lib/python3.8/site-packages/psutil/__init__.py", line 824, in create_time
    self._create_time = self._proc.create_time()
  File "/home/ssm-user/openquake/lib/python3.8/site-packages/psutil/_pslinux.py", line 1517, in wrapper
    return fun(self, *args, **kwargs)
  File "/home/ssm-user/openquake/lib/python3.8/site-packages/psutil/_pslinux.py", line 1729, in create_time
    ctime = float(self._parse_stat_file()['create_time'])
  File "/home/ssm-user/openquake/lib/python3.8/site-packages/psutil/_pslinux.py", line 1524, in wrapper
    raise NoSuchProcess(self.pid, self._name)
psutil.NoSuchProcess: psutil.NoSuchProcess process no longer exists (pid=2056)

During handling of the above exception, another exception occurred:

Traceback (most recent call last):
  File "/home/ssm-user/src/oq-engine/openquake/calculators/base.py", line 248, in run
    self.result = self.execute()
  File "/home/ssm-user/src/oq-engine/openquake/calculators/ebrisk.py", line 228, in execute
    smap.reduce(self.agg_dicts)
  File "/home/ssm-user/src/oq-engine/openquake/baselib/parallel.py", line 827, in reduce
    return self.submit_all().reduce(agg, acc)
  File "/home/ssm-user/src/oq-engine/openquake/baselib/parallel.py", line 586, in reduce
    for result in self:
  File "/home/ssm-user/src/oq-engine/openquake/baselib/parallel.py", line 575, in __iter__
    yield from self._iter()
  File "/home/ssm-user/src/oq-engine/openquake/baselib/parallel.py", line 553, in _iter
    mem_gb = (memory_rss(os.getpid()) + sum(
  File "/home/ssm-user/src/oq-engine/openquake/baselib/parallel.py", line 554, in <genexpr>
    memory_rss(pid) for pid in Starmap.pids)) / GB
  File "/home/ssm-user/src/oq-engine/openquake/baselib/performance.py", line 110, in memory_rss
    return psutil.Process(pid).memory_info().rss
  File "/home/ssm-user/openquake/lib/python3.8/site-packages/psutil/__init__.py", line 447, in __init__
    self._init(pid)
  File "/home/ssm-user/openquake/lib/python3.8/site-packages/psutil/__init__.py", line 487, in _init
    raise NoSuchProcess(pid, None, msg)
psutil.NoSuchProcess: psutil.NoSuchProcess no process found with pid 2056
[2022-01-20 04:48:03 #300 CRITICAL] Traceback (most recent call last):
  File "/home/ssm-user/openquake/lib/python3.8/site-packages/psutil/_common.py", line 340, in wrapper
    ret = self._cache[fun]
AttributeError: _cache

During handling of the above exception, another exception occurred:

Traceback (most recent call last):
  File "/home/ssm-user/openquake/lib/python3.8/site-packages/psutil/_pslinux.py", line 1517, in wrapper
    return fun(self, *args, **kwargs)
  File "/home/ssm-user/openquake/lib/python3.8/site-packages/psutil/_common.py", line 343, in wrapper
    return fun(self)
  File "/home/ssm-user/openquake/lib/python3.8/site-packages/psutil/_pslinux.py", line 1559, in _parse_stat_file
    with open_binary("%s/%s/stat" % (self._procfs_path, self.pid)) as f:
  File "/home/ssm-user/openquake/lib/python3.8/site-packages/psutil/_common.py", line 604, in open_binary
    return open(fname, "rb", **kwargs)
FileNotFoundError: [Errno 2] No such file or directory: '/proc/2056/stat'

During handling of the above exception, another exception occurred:

Traceback (most recent call last):
  File "/home/ssm-user/openquake/lib/python3.8/site-packages/psutil/__init__.py", line 474, in _init
    self.create_time()
  File "/home/ssm-user/openquake/lib/python3.8/site-packages/psutil/__init__.py", line 824, in create_time
    self._create_time = self._proc.create_time()
  File "/home/ssm-user/openquake/lib/python3.8/site-packages/psutil/_pslinux.py", line 1517, in wrapper
    return fun(self, *args, **kwargs)
  File "/home/ssm-user/openquake/lib/python3.8/site-packages/psutil/_pslinux.py", line 1729, in create_time
    ctime = float(self._parse_stat_file()['create_time'])
  File "/home/ssm-user/openquake/lib/python3.8/site-packages/psutil/_pslinux.py", line 1524, in wrapper
    raise NoSuchProcess(self.pid, self._name)
psutil.NoSuchProcess: psutil.NoSuchProcess process no longer exists (pid=2056)

During handling of the above exception, another exception occurred:

Traceback (most recent call last):
  File "/home/ssm-user/src/oq-engine/openquake/engine/engine.py", line 263, in run_calc
    calc.run(exports=exports, **kw)
  File "/home/ssm-user/src/oq-engine/openquake/calculators/base.py", line 248, in run
    self.result = self.execute()
  File "/home/ssm-user/src/oq-engine/openquake/calculators/ebrisk.py", line 228, in execute
    smap.reduce(self.agg_dicts)
  File "/home/ssm-user/src/oq-engine/openquake/baselib/parallel.py", line 827, in reduce
    return self.submit_all().reduce(agg, acc)
  File "/home/ssm-user/src/oq-engine/openquake/baselib/parallel.py", line 586, in reduce
    for result in self:
  File "/home/ssm-user/src/oq-engine/openquake/baselib/parallel.py", line 575, in __iter__
    yield from self._iter()
  File "/home/ssm-user/src/oq-engine/openquake/baselib/parallel.py", line 553, in _iter
    mem_gb = (memory_rss(os.getpid()) + sum(
  File "/home/ssm-user/src/oq-engine/openquake/baselib/parallel.py", line 554, in <genexpr>
    memory_rss(pid) for pid in Starmap.pids)) / GB
  File "/home/ssm-user/src/oq-engine/openquake/baselib/performance.py", line 110, in memory_rss
    return psutil.Process(pid).memory_info().rss
  File "/home/ssm-user/openquake/lib/python3.8/site-packages/psutil/__init__.py", line 447, in __init__
    self._init(pid)
  File "/home/ssm-user/openquake/lib/python3.8/site-packages/psutil/__init__.py", line 487, in _init
    raise NoSuchProcess(pid, None, msg)
psutil.NoSuchProcess: psutil.NoSuchProcess no process found with pid 2056

/home/ssm-user/src/oq-engine/openquake/hazardlib/gsim/base.py:347: ExperimentalWarning: CanadaSHM6_ActiveCrust_BooreEtAl2014 is experimental and may change in future versions - the user is liable for their application
  warnings.warn(msg, ExperimentalWarning)
/home/ssm-user/src/oq-engine/openquake/hazardlib/gsim/base.py:347: ExperimentalWarning: CanadaSHM6_ActiveCrust_BooreEtAl2014 is experimental and may change in future versions - the user is liable for their application
  warnings.warn(msg, ExperimentalWarning)
/home/ssm-user/src/oq-engine/openquake/hazardlib/gsim/base.py:347: ExperimentalWarning: CanadaSHM6_ActiveCrust_BooreEtAl2014 is experimental and may change in future versions - the user is liable for their application
  warnings.warn(msg, ExperimentalWarning)
/home/ssm-user/src/oq-engine/openquake/hazardlib/gsim/base.py:347: ExperimentalWarning: CanadaSHM6_ActiveCrust_BooreEtAl2014 is experimental and may change in future versions - the user is liable for their application
  warnings.warn(msg, ExperimentalWarning)
/home/ssm-user/src/oq-engine/openquake/hazardlib/gsim/base.py:347: ExperimentalWarning: CanadaSHM6_ActiveCrust_BooreEtAl2014 is experimental and may change in future versions - the user is liable for their application
  warnings.warn(msg, ExperimentalWarning)
/home/ssm-user/src/oq-engine/openquake/hazardlib/gsim/base.py:347: ExperimentalWarning: CanadaSHM6_ActiveCrust_BooreEtAl2014 is experimental and may change in future versions - the user is liable for their application
  warnings.warn(msg, ExperimentalWarning)
/home/ssm-user/src/oq-engine/openquake/hazardlib/gsim/base.py:347: ExperimentalWarning: CanadaSHM6_ActiveCrust_BooreEtAl2014 is experimental and may change in future versions - the user is liable for their application
  warnings.warn(msg, ExperimentalWarning)
/home/ssm-user/src/oq-engine/openquake/hazardlib/gsim/base.py:347: ExperimentalWarning: CanadaSHM6_ActiveCrust_BooreEtAl2014 is experimental and may change in future versions - the user is liable for their application
  warnings.warn(msg, ExperimentalWarning)
/home/ssm-user/src/oq-engine/openquake/hazardlib/gsim/base.py:347: ExperimentalWarning: CanadaSHM6_ActiveCrust_BooreEtAl2014 is experimental and may change in future versions - the user is liable for their application
  warnings.warn(msg, ExperimentalWarning)
/home/ssm-user/src/oq-engine/openquake/hazardlib/gsim/base.py:347: ExperimentalWarning: CanadaSHM6_ActiveCrust_BooreEtAl2014 is experimental and may change in future versions - the user is liable for their application
  warnings.warn(msg, ExperimentalWarning)
/home/ssm-user/src/oq-engine/openquake/hazardlib/gsim/base.py:347: ExperimentalWarning: CanadaSHM6_ActiveCrust_BooreEtAl2014 is experimental and may change in future versions - the user is liable for their application
  warnings.warn(msg, ExperimentalWarning)
/home/ssm-user/src/oq-engine/openquake/hazardlib/gsim/base.py:347: ExperimentalWarning: CanadaSHM6_ActiveCrust_BooreEtAl2014 is experimental and may change in future versions - the user is liable for their application
  warnings.warn(msg, ExperimentalWarning)
/home/ssm-user/src/oq-engine/openquake/hazardlib/gsim/base.py:347: ExperimentalWarning: CanadaSHM6_ActiveCrust_BooreEtAl2014 is experimental and may change in future versions - the user is liable for their application
  warnings.warn(msg, ExperimentalWarning)
/home/ssm-user/src/oq-engine/openquake/hazardlib/gsim/base.py:347: ExperimentalWarning: CanadaSHM6_ActiveCrust_BooreEtAl2014 is experimental and may change in future versions - the user is liable for their application
  warnings.warn(msg, ExperimentalWarning)
/home/ssm-user/src/oq-engine/openquake/hazardlib/gsim/base.py:347: ExperimentalWarning: CanadaSHM6_ActiveCrust_BooreEtAl2014 is experimental and may change in future versions - the user is liable for their application
  warnings.warn(msg, ExperimentalWarning)
/home/ssm-user/src/oq-engine/openquake/hazardlib/gsim/base.py:347: ExperimentalWarning: CanadaSHM6_ActiveCrust_BooreEtAl2014 is experimental and may change in future versions - the user is liable for their application
  warnings.warn(msg, ExperimentalWarning)
/home/ssm-user/src/oq-engine/openquake/hazardlib/gsim/base.py:347: ExperimentalWarning: CanadaSHM6_ActiveCrust_BooreEtAl2014 is experimental and may change in future versions - the user is liable for their application
  warnings.warn(msg, ExperimentalWarning)
/home/ssm-user/src/oq-engine/openquake/hazardlib/gsim/base.py:347: ExperimentalWarning: CanadaSHM6_ActiveCrust_BooreEtAl2014 is experimental and may change in future versions - the user is liable for their application
  warnings.warn(msg, ExperimentalWarning)
/home/ssm-user/src/oq-engine/openquake/hazardlib/gsim/base.py:347: ExperimentalWarning: CanadaSHM6_ActiveCrust_BooreEtAl2014 is experimental and may change in future versions - the user is liable for their application
  warnings.warn(msg, ExperimentalWarning)
/home/ssm-user/src/oq-engine/openquake/hazardlib/gsim/base.py:347: ExperimentalWarning: CanadaSHM6_ActiveCrust_BooreEtAl2014 is experimental and may change in future versions - the user is liable for their application
  warnings.warn(msg, ExperimentalWarning)
/home/ssm-user/src/oq-engine/openquake/hazardlib/gsim/base.py:347: ExperimentalWarning: CanadaSHM6_ActiveCrust_BooreEtAl2014 is experimental and may change in future versions - the user is liable for their application
  warnings.warn(msg, ExperimentalWarning)
/home/ssm-user/src/oq-engine/openquake/hazardlib/gsim/base.py:347: ExperimentalWarning: CanadaSHM6_ActiveCrust_BooreEtAl2014 is experimental and may change in future versions - the user is liable for their application
  warnings.warn(msg, ExperimentalWarning)
/home/ssm-user/src/oq-engine/openquake/hazardlib/gsim/base.py:347: ExperimentalWarning: CanadaSHM6_ActiveCrust_BooreEtAl2014 is experimental and may change in future versions - the user is liable for their application
  warnings.warn(msg, ExperimentalWarning)
/home/ssm-user/src/oq-engine/openquake/hazardlib/gsim/base.py:347: ExperimentalWarning: CanadaSHM6_ActiveCrust_BooreEtAl2014 is experimental and may change in future versions - the user is liable for their application
  warnings.warn(msg, ExperimentalWarning)
/home/ssm-user/src/oq-engine/openquake/hazardlib/gsim/base.py:347: ExperimentalWarning: CanadaSHM6_ActiveCrust_BooreEtAl2014 is experimental and may change in future versions - the user is liable for their application
  warnings.warn(msg, ExperimentalWarning)
/home/ssm-user/src/oq-engine/openquake/hazardlib/gsim/base.py:347: ExperimentalWarning: CanadaSHM6_ActiveCrust_BooreEtAl2014 is experimental and may change in future versions - the user is liable for their application
  warnings.warn(msg, ExperimentalWarning)
/home/ssm-user/src/oq-engine/openquake/hazardlib/gsim/base.py:347: ExperimentalWarning: CanadaSHM6_ActiveCrust_BooreEtAl2014 is experimental and may change in future versions - the user is liable for their application
  warnings.warn(msg, ExperimentalWarning)
/home/ssm-user/src/oq-engine/openquake/hazardlib/gsim/base.py:347: ExperimentalWarning: CanadaSHM6_ActiveCrust_BooreEtAl2014 is experimental and may change in future versions - the user is liable for their application
  warnings.warn(msg, ExperimentalWarning)
/home/ssm-user/src/oq-engine/openquake/hazardlib/gsim/base.py:347: ExperimentalWarning: CanadaSHM6_ActiveCrust_BooreEtAl2014 is experimental and may change in future versions - the user is liable for their application
  warnings.warn(msg, ExperimentalWarning)
/home/ssm-user/src/oq-engine/openquake/hazardlib/gsim/base.py:347: ExperimentalWarning: CanadaSHM6_ActiveCrust_BooreEtAl2014 is experimental and may change in future versions - the user is liable for their application
  warnings.warn(msg, ExperimentalWarning)
/home/ssm-user/src/oq-engine/openquake/hazardlib/gsim/base.py:347: ExperimentalWarning: CanadaSHM6_ActiveCrust_BooreEtAl2014 is experimental and may change in future versions - the user is liable for their application
  warnings.warn(msg, ExperimentalWarning)
/home/ssm-user/src/oq-engine/openquake/hazardlib/gsim/base.py:347: ExperimentalWarning: CanadaSHM6_ActiveCrust_BooreEtAl2014 is experimental and may change in future versions - the user is liable for their application
  warnings.warn(msg, ExperimentalWarning)
/home/ssm-user/src/oq-engine/openquake/hazardlib/gsim/base.py:347: ExperimentalWarning: CanadaSHM6_ActiveCrust_BooreEtAl2014 is experimental and may change in future versions - the user is liable for their application
  warnings.warn(msg, ExperimentalWarning)
/home/ssm-user/src/oq-engine/openquake/hazardlib/gsim/base.py:347: ExperimentalWarning: CanadaSHM6_ActiveCrust_BooreEtAl2014 is experimental and may change in future versions - the user is liable for their application
  warnings.warn(msg, ExperimentalWarning)
/home/ssm-user/src/oq-engine/openquake/hazardlib/gsim/base.py:347: ExperimentalWarning: CanadaSHM6_ActiveCrust_BooreEtAl2014 is experimental and may change in future versions - the user is liable for their application
  warnings.warn(msg, ExperimentalWarning)
/home/ssm-user/src/oq-engine/openquake/hazardlib/gsim/base.py:347: ExperimentalWarning: CanadaSHM6_ActiveCrust_BooreEtAl2014 is experimental and may change in future versions - the user is liable for their application
  warnings.warn(msg, ExperimentalWarning)
/home/ssm-user/src/oq-engine/openquake/hazardlib/gsim/base.py:347: ExperimentalWarning: CanadaSHM6_ActiveCrust_BooreEtAl2014 is experimental and may change in future versions - the user is liable for their application
  warnings.warn(msg, ExperimentalWarning)
/home/ssm-user/src/oq-engine/openquake/hazardlib/gsim/base.py:347: ExperimentalWarning: CanadaSHM6_ActiveCrust_BooreEtAl2014 is experimental and may change in future versions - the user is liable for their application
  warnings.warn(msg, ExperimentalWarning)
/home/ssm-user/src/oq-engine/openquake/hazardlib/gsim/base.py:347: ExperimentalWarning: CanadaSHM6_ActiveCrust_BooreEtAl2014 is experimental and may change in future versions - the user is liable for their application
  warnings.warn(msg, ExperimentalWarning)
/home/ssm-user/src/oq-engine/openquake/hazardlib/gsim/base.py:347: ExperimentalWarning: CanadaSHM6_ActiveCrust_BooreEtAl2014 is experimental and may change in future versions - the user is liable for their application
  warnings.warn(msg, ExperimentalWarning)
/home/ssm-user/src/oq-engine/openquake/hazardlib/gsim/base.py:347: ExperimentalWarning: CanadaSHM6_ActiveCrust_BooreEtAl2014 is experimental and may change in future versions - the user is liable for their application
  warnings.warn(msg, ExperimentalWarning)
/home/ssm-user/src/oq-engine/openquake/hazardlib/gsim/base.py:347: ExperimentalWarning: CanadaSHM6_ActiveCrust_BooreEtAl2014 is experimental and may change in future versions - the user is liable for their application
  warnings.warn(msg, ExperimentalWarning)
/home/ssm-user/src/oq-engine/openquake/hazardlib/gsim/base.py:347: ExperimentalWarning: CanadaSHM6_ActiveCrust_BooreEtAl2014 is experimental and may change in future versions - the user is liable for their application
  warnings.warn(msg, ExperimentalWarning)
/home/ssm-user/src/oq-engine/openquake/hazardlib/gsim/base.py:347: ExperimentalWarning: CanadaSHM6_ActiveCrust_BooreEtAl2014 is experimental and may change in future versions - the user is liable for their application
  warnings.warn(msg, ExperimentalWarning)
/home/ssm-user/src/oq-engine/openquake/hazardlib/gsim/base.py:347: ExperimentalWarning: CanadaSHM6_ActiveCrust_BooreEtAl2014 is experimental and may change in future versions - the user is liable for their application
  warnings.warn(msg, ExperimentalWarning)
/home/ssm-user/src/oq-engine/openquake/hazardlib/gsim/base.py:347: ExperimentalWarning: CanadaSHM6_ActiveCrust_BooreEtAl2014 is experimental and may change in future versions - the user is liable for their application
  warnings.warn(msg, ExperimentalWarning)
/home/ssm-user/src/oq-engine/openquake/hazardlib/gsim/base.py:347: ExperimentalWarning: CanadaSHM6_ActiveCrust_BooreEtAl2014 is experimental and may change in future versions - the user is liable for their application
  warnings.warn(msg, ExperimentalWarning)
/home/ssm-user/src/oq-engine/openquake/hazardlib/gsim/base.py:347: ExperimentalWarning: CanadaSHM6_ActiveCrust_BooreEtAl2014 is experimental and may change in future versions - the user is liable for their application
  warnings.warn(msg, ExperimentalWarning)
/home/ssm-user/src/oq-engine/openquake/hazardlib/gsim/base.py:347: ExperimentalWarning: CanadaSHM6_ActiveCrust_BooreEtAl2014 is experimental and may change in future versions - the user is liable for their application
  warnings.warn(msg, ExperimentalWarning)
/home/ssm-user/src/oq-engine/openquake/hazardlib/gsim/base.py:347: ExperimentalWarning: CanadaSHM6_ActiveCrust_BooreEtAl2014 is experimental and may change in future versions - the user is liable for their application
  warnings.warn(msg, ExperimentalWarning)
/home/ssm-user/src/oq-engine/openquake/hazardlib/gsim/base.py:347: ExperimentalWarning: CanadaSHM6_ActiveCrust_BooreEtAl2014 is experimental and may change in future versions - the user is liable for their application
  warnings.warn(msg, ExperimentalWarning)
/home/ssm-user/src/oq-engine/openquake/hazardlib/gsim/base.py:347: ExperimentalWarning: CanadaSHM6_ActiveCrust_BooreEtAl2014 is experimental and may change in future versions - the user is liable for their application
  warnings.warn(msg, ExperimentalWarning)
/home/ssm-user/src/oq-engine/openquake/hazardlib/gsim/base.py:347: ExperimentalWarning: CanadaSHM6_ActiveCrust_BooreEtAl2014 is experimental and may change in future versions - the user is liable for their application
  warnings.warn(msg, ExperimentalWarning)
/home/ssm-user/src/oq-engine/openquake/hazardlib/gsim/base.py:347: ExperimentalWarning: CanadaSHM6_ActiveCrust_BooreEtAl2014 is experimental and may change in future versions - the user is liable for their application
  warnings.warn(msg, ExperimentalWarning)
/home/ssm-user/src/oq-engine/openquake/hazardlib/gsim/base.py:347: ExperimentalWarning: CanadaSHM6_ActiveCrust_BooreEtAl2014 is experimental and may change in future versions - the user is liable for their application
  warnings.warn(msg, ExperimentalWarning)
/home/ssm-user/src/oq-engine/openquake/hazardlib/gsim/base.py:347: ExperimentalWarning: CanadaSHM6_ActiveCrust_BooreEtAl2014 is experimental and may change in future versions - the user is liable for their application
  warnings.warn(msg, ExperimentalWarning)
/home/ssm-user/src/oq-engine/openquake/hazardlib/gsim/base.py:347: ExperimentalWarning: CanadaSHM6_ActiveCrust_BooreEtAl2014 is experimental and may change in future versions - the user is liable for their application
  warnings.warn(msg, ExperimentalWarning)
/home/ssm-user/src/oq-engine/openquake/hazardlib/gsim/base.py:347: ExperimentalWarning: CanadaSHM6_ActiveCrust_BooreEtAl2014 is experimental and may change in future versions - the user is liable for their application
  warnings.warn(msg, ExperimentalWarning)
/home/ssm-user/src/oq-engine/openquake/hazardlib/gsim/base.py:347: ExperimentalWarning: CanadaSHM6_ActiveCrust_BooreEtAl2014 is experimental and may change in future versions - the user is liable for their application
  warnings.warn(msg, ExperimentalWarning)
/home/ssm-user/src/oq-engine/openquake/hazardlib/gsim/base.py:347: ExperimentalWarning: CanadaSHM6_ActiveCrust_BooreEtAl2014 is experimental and may change in future versions - the user is liable for their application
  warnings.warn(msg, ExperimentalWarning)
/home/ssm-user/src/oq-engine/openquake/hazardlib/gsim/base.py:347: ExperimentalWarning: CanadaSHM6_ActiveCrust_BooreEtAl2014 is experimental and may change in future versions - the user is liable for their application
  warnings.warn(msg, ExperimentalWarning)
/home/ssm-user/src/oq-engine/openquake/hazardlib/gsim/base.py:347: ExperimentalWarning: CanadaSHM6_ActiveCrust_BooreEtAl2014 is experimental and may change in future versions - the user is liable for their application
  warnings.warn(msg, ExperimentalWarning)
/home/ssm-user/src/oq-engine/openquake/hazardlib/gsim/base.py:347: ExperimentalWarning: CanadaSHM6_ActiveCrust_BooreEtAl2014 is experimental and may change in future versions - the user is liable for their application
  warnings.warn(msg, ExperimentalWarning)
/home/ssm-user/src/oq-engine/openquake/hazardlib/gsim/base.py:347: ExperimentalWarning: CanadaSHM6_ActiveCrust_BooreEtAl2014 is experimental and may change in future versions - the user is liable for their application
  warnings.warn(msg, ExperimentalWarning)
/home/ssm-user/src/oq-engine/openquake/hazardlib/gsim/base.py:347: ExperimentalWarning: CanadaSHM6_ActiveCrust_BooreEtAl2014 is experimental and may change in future versions - the user is liable for their application
  warnings.warn(msg, ExperimentalWarning)
[2022-01-20 04:48:07 #300 INFO] Stopping the workers
Traceback (most recent call last):
  File "/home/ssm-user/openquake/lib/python3.8/site-packages/psutil/_common.py", line 340, in wrapper
    ret = self._cache[fun]
AttributeError: _cache

During handling of the above exception, another exception occurred:

Traceback (most recent call last):
  File "/home/ssm-user/openquake/lib/python3.8/site-packages/psutil/_pslinux.py", line 1517, in wrapper
    return fun(self, *args, **kwargs)
  File "/home/ssm-user/openquake/lib/python3.8/site-packages/psutil/_common.py", line 343, in wrapper
    return fun(self)
  File "/home/ssm-user/openquake/lib/python3.8/site-packages/psutil/_pslinux.py", line 1559, in _parse_stat_file
    with open_binary("%s/%s/stat" % (self._procfs_path, self.pid)) as f:
  File "/home/ssm-user/openquake/lib/python3.8/site-packages/psutil/_common.py", line 604, in open_binary
    return open(fname, "rb", **kwargs)
FileNotFoundError: [Errno 2] No such file or directory: '/proc/2056/stat'

During handling of the above exception, another exception occurred:

Traceback (most recent call last):
  File "/home/ssm-user/openquake/lib/python3.8/site-packages/psutil/__init__.py", line 474, in _init
    self.create_time()
  File "/home/ssm-user/openquake/lib/python3.8/site-packages/psutil/__init__.py", line 824, in create_time
    self._create_time = self._proc.create_time()
  File "/home/ssm-user/openquake/lib/python3.8/site-packages/psutil/_pslinux.py", line 1517, in wrapper
    return fun(self, *args, **kwargs)
  File "/home/ssm-user/openquake/lib/python3.8/site-packages/psutil/_pslinux.py", line 1729, in create_time
    ctime = float(self._parse_stat_file()['create_time'])
  File "/home/ssm-user/openquake/lib/python3.8/site-packages/psutil/_pslinux.py", line 1524, in wrapper
    raise NoSuchProcess(self.pid, self._name)
psutil.NoSuchProcess: psutil.NoSuchProcess process no longer exists (pid=2056)

During handling of the above exception, another exception occurred:

Traceback (most recent call last):
  File "/home/ssm-user/openquake/bin/oq", line 33, in <module>
    sys.exit(load_entry_point('openquake.engine', 'console_scripts', 'oq')())
  File "/home/ssm-user/src/oq-engine/openquake/commands/__main__.py", line 44, in oq
    sap.run(commands, prog='oq')
  File "/home/ssm-user/src/oq-engine/openquake/baselib/sap.py", line 225, in run
    return _run(parser(funcdict, **parserkw), argv)
  File "/home/ssm-user/src/oq-engine/openquake/baselib/sap.py", line 216, in _run
    return func(**dic)
  File "/home/ssm-user/src/oq-engine/openquake/commands/engine.py", line 164, in main
    run_jobs(job_inis, log_level, log_file, exports, **pars)
  File "/home/ssm-user/src/oq-engine/openquake/engine/engine.py", line 407, in run_jobs
    run_calc(*args)
  File "/home/ssm-user/src/oq-engine/openquake/engine/engine.py", line 263, in run_calc
    calc.run(exports=exports, **kw)
  File "/home/ssm-user/src/oq-engine/openquake/calculators/base.py", line 248, in run
    self.result = self.execute()
  File "/home/ssm-user/src/oq-engine/openquake/calculators/ebrisk.py", line 228, in execute
    smap.reduce(self.agg_dicts)
  File "/home/ssm-user/src/oq-engine/openquake/baselib/parallel.py", line 827, in reduce
    return self.submit_all().reduce(agg, acc)
  File "/home/ssm-user/src/oq-engine/openquake/baselib/parallel.py", line 586, in reduce
    for result in self:
  File "/home/ssm-user/src/oq-engine/openquake/baselib/parallel.py", line 575, in __iter__
    yield from self._iter()
  File "/home/ssm-user/src/oq-engine/openquake/baselib/parallel.py", line 553, in _iter
    mem_gb = (memory_rss(os.getpid()) + sum(
  File "/home/ssm-user/src/oq-engine/openquake/baselib/parallel.py", line 554, in <genexpr>
    memory_rss(pid) for pid in Starmap.pids)) / GB
  File "/home/ssm-user/src/oq-engine/openquake/baselib/performance.py", line 110, in memory_rss
    return psutil.Process(pid).memory_info().rss
  File "/home/ssm-user/openquake/lib/python3.8/site-packages/psutil/__init__.py", line 447, in __init__
    self._init(pid)
  File "/home/ssm-user/openquake/lib/python3.8/site-packages/psutil/__init__.py", line 487, in _init
    raise NoSuchProcess(pid, None, msg)
psutil.NoSuchProcess: psutil.NoSuchProcess no process found with pid 2056
