/home/ssm-user/src/oq-engine/openquake/hazardlib/gsim/base.py:347: ExperimentalWarning: CanadaSHM6_ActiveCrust_BooreEtAl2014 is experimental and may change in future versions - the user is liable for their application
  warnings.warn(msg, ExperimentalWarning)
/home/ssm-user/src/oq-engine/openquake/hazardlib/gsim/base.py:347: ExperimentalWarning: CanadaSHM6_ActiveCrust_AbrahamsonEtAl2014 is experimental and may change in future versions - the user is liable for their application
  warnings.warn(msg, ExperimentalWarning)
/home/ssm-user/src/oq-engine/openquake/hazardlib/gsim/base.py:347: ExperimentalWarning: CanadaSHM6_ActiveCrust_BooreEtAl2014 is experimental and may change in future versions - the user is liable for their application
  warnings.warn(msg, ExperimentalWarning)
/home/ssm-user/src/oq-engine/openquake/hazardlib/gsim/base.py:347: ExperimentalWarning: CanadaSHM6_ActiveCrust_CampbellBozorgnia2014 is experimental and may change in future versions - the user is liable for their application
  warnings.warn(msg, ExperimentalWarning)
/home/ssm-user/src/oq-engine/openquake/hazardlib/gsim/base.py:347: ExperimentalWarning: CanadaSHM6_ActiveCrust_ChiouYoungs2014 is experimental and may change in future versions - the user is liable for their application
  warnings.warn(msg, ExperimentalWarning)
[2021-08-05 20:57:06 #129 INFO] root running /mnt/storage/canada-srm2/ebRisk/input/ebRisk_b0_BC5920A.ini [--hc=None]
[2021-08-05 20:57:06 #129 INFO] Using engine version 3.11.3-git0cccb86798
[2021-08-05 20:57:07 #129 WARNING] An error occurred while calling https://api.openquake.org/engine/latest to check if the installed version of the engine is up to date.
Traceback (most recent call last):
  File "/usr/lib/python3.8/urllib/request.py", line 1354, in do_open
    h.request(req.get_method(), req.selector, req.data, headers,
  File "/usr/lib/python3.8/http/client.py", line 1252, in request
    self._send_request(method, url, body, headers, encode_chunked)
  File "/usr/lib/python3.8/http/client.py", line 1298, in _send_request
    self.endheaders(body, encode_chunked=encode_chunked)
  File "/usr/lib/python3.8/http/client.py", line 1247, in endheaders
    self._send_output(message_body, encode_chunked=encode_chunked)
  File "/usr/lib/python3.8/http/client.py", line 1007, in _send_output
    self.send(msg)
  File "/usr/lib/python3.8/http/client.py", line 947, in send
    self.connect()
  File "/usr/lib/python3.8/http/client.py", line 1414, in connect
    super().connect()
  File "/usr/lib/python3.8/http/client.py", line 918, in connect
    self.sock = self._create_connection(
  File "/usr/lib/python3.8/socket.py", line 808, in create_connection
    raise err
  File "/usr/lib/python3.8/socket.py", line 796, in create_connection
    sock.connect(sa)
socket.timeout: timed out

During handling of the above exception, another exception occurred:

Traceback (most recent call last):
  File "/home/ssm-user/src/oq-engine/openquake/engine/engine.py", line 445, in check_obsolete_version
    data = urlopen(req, timeout=1).read()  # bytes
  File "/usr/lib/python3.8/urllib/request.py", line 222, in urlopen
    return opener.open(url, data, timeout)
  File "/usr/lib/python3.8/urllib/request.py", line 525, in open
    response = self._open(req, data)
  File "/usr/lib/python3.8/urllib/request.py", line 542, in _open
    result = self._call_chain(self.handle_open, protocol, protocol +
  File "/usr/lib/python3.8/urllib/request.py", line 502, in _call_chain
    result = func(*args)
  File "/usr/lib/python3.8/urllib/request.py", line 1397, in https_open
    return self.do_open(http.client.HTTPSConnection, req,
  File "/usr/lib/python3.8/urllib/request.py", line 1357, in do_open
    raise URLError(err)
urllib.error.URLError: <urlopen error timed out>
[2021-08-05 20:57:07 #129 WARNING] Using 96 cores on ip-10-70-136-20
[2021-08-05 20:57:07 #129 INFO] Validated nationalModel.xml in 0.01 seconds
[2021-08-05 20:57:07 #129 INFO] Checksum of the input files: 2936889068
[2021-08-05 20:57:07 #129 INFO] Reading the risk model if present
[2021-08-05 20:57:29 #129 INFO] Reading /mnt/storage/openquake-inputs/exposure/general-building-stock/oqBldgExp_BC5920A.xml
[2021-08-05 20:57:41 #129 INFO] Extracting the hazard sites from the site model
[2021-08-05 20:57:43 #129 INFO] Associated 100303 assets to 3972 sites
[2021-08-05 20:57:51 #129 INFO] Reducing risk model from 7260 to 1166 taxonomies
[2021-08-05 20:57:52 #129 INFO] minimum_asset_loss={'contents': 0, 'nonstructural': 0, 'occupants': 0, 'structural': 0}
[2021-08-05 20:57:53 #129 INFO] Considering 1_600 logic tree paths out of 24_576
[2021-08-05 20:57:53 #129 INFO] Reading the source model(s) in parallel
[2021-08-05 20:57:55 #129 INFO] read_source_model  16% [6 submitted, 0 queued]
[2021-08-05 20:57:55 #129 INFO] read_source_model  33% [6 submitted, 0 queued]
[2021-08-05 20:57:55 #129 INFO] read_source_model  50% [6 submitted, 0 queued]
[2021-08-05 20:57:55 #129 INFO] read_source_model  66% [6 submitted, 0 queued]
[2021-08-05 20:57:55 #129 INFO] read_source_model  83% [6 submitted, 0 queued]
[2021-08-05 20:57:55 #129 INFO] read_source_model 100% [6 submitted, 0 queued]
[2021-08-05 20:57:55 #129 INFO] Mean time per core=0s, std=0.0s, min=0s, max=0s
[2021-08-05 20:57:55 #129 INFO] Received {'/mnt/storage/CanadaSHM6/OpenQuake_model_files/sources/nationalModel/xml/simplifiedModel/WCan_HYeast_Harctic_simplified_collapsedRates.xml': '138.71 KB', '/mnt/storage/CanadaSHM6/OpenQuake_model_files/sources/nationalModel/xml/simplifiedModel/WCan_H2east_Harctic_simplified_collapsedRates.xml': '133.09 KB', '/mnt/storage/CanadaSHM6/OpenQuake_model_files/sources/nationalModel/xml/simplifiedModel/WCan_HYeast_Rarctic_simplified_collapsedRates.xml': '132.34 KB', '/mnt/storage/CanadaSHM6/OpenQuake_model_files/sources/nationalModel/xml/simplifiedModel/WCan_H2east_Rarctic_simplified_collapsedRates.xml': '126.71 KB', '/mnt/storage/CanadaSHM6/OpenQuake_model_files/sources/nationalModel/xml/simplifiedModel/WCan_R2east_Harctic_simplified_collapsedRates.xml': '117.99 KB', '/mnt/storage/CanadaSHM6/OpenQuake_model_files/sources/nationalModel/xml/simplifiedModel/WCan_R2east_Rarctic_simplified_collapsedRates.xml': '111.84 KB'} in 1 seconds
/home/ssm-user/src/oq-engine/openquake/hazardlib/gsim/base.py:347: ExperimentalWarning: CanadaSHM6_ActiveCrust_BooreEtAl2014 is experimental and may change in future versions - the user is liable for their application
  warnings.warn(msg, ExperimentalWarning)
/home/ssm-user/src/oq-engine/openquake/hazardlib/gsim/base.py:347: ExperimentalWarning: CanadaSHM6_ActiveCrust_BooreEtAl2014 is experimental and may change in future versions - the user is liable for their application
  warnings.warn(msg, ExperimentalWarning)
/home/ssm-user/src/oq-engine/openquake/hazardlib/gsim/base.py:347: ExperimentalWarning: CanadaSHM6_ActiveCrust_BooreEtAl2014 is experimental and may change in future versions - the user is liable for their application
  warnings.warn(msg, ExperimentalWarning)
/home/ssm-user/src/oq-engine/openquake/hazardlib/gsim/base.py:347: ExperimentalWarning: CanadaSHM6_ActiveCrust_BooreEtAl2014 is experimental and may change in future versions - the user is liable for their application
  warnings.warn(msg, ExperimentalWarning)
/home/ssm-user/src/oq-engine/openquake/hazardlib/gsim/base.py:347: ExperimentalWarning: CanadaSHM6_ActiveCrust_BooreEtAl2014 is experimental and may change in future versions - the user is liable for their application
  warnings.warn(msg, ExperimentalWarning)
/home/ssm-user/src/oq-engine/openquake/hazardlib/gsim/base.py:347: ExperimentalWarning: CanadaSHM6_ActiveCrust_BooreEtAl2014 is experimental and may change in future versions - the user is liable for their application
  warnings.warn(msg, ExperimentalWarning)
[2021-08-05 20:57:55 #129 INFO] There are multiple different sources with the same ID [<AreaSource SCCYA;0>, <AreaSource SCCYA;1>]
[2021-08-05 20:57:55 #129 INFO] There are 13 groups and 196 sources with len(et_ids)=3.85
[2021-08-05 20:57:55 #129 INFO] Checking the sources bounding box
[2021-08-05 20:57:55 #129 ERROR] source ACM: The buffer of 600 km is too large, the bounding box is larger than half the globe: 219 degrees
[2021-08-05 20:57:56 #129 INFO] Rupture floating factor = 1.6303030303030304
[2021-08-05 20:57:56 #129 INFO] Rupture spinning factor = 3.278787878787879
[2021-08-05 20:57:56 #129 INFO] gzipping the input files
[2021-08-05 20:58:00 #129 INFO] Storing risk model
[2021-08-05 20:58:01 #129 INFO] minimum_intensity={'default': 0.05, 'SA(0.3)': 0.02, 'SA(0.6)': 0.05, 'SA(1.0)': 0.05, 'SA(2.0)': 0.05}
[2021-08-05 20:58:01 #129 INFO] Building ruptures
[2021-08-05 20:59:36 #129 INFO] Sending <SourceGroup Subduction IntraSlab30, 1 source(s)>
[2021-08-05 20:59:36 #129 INFO] Sending <SourceGroup Subduction IntraSlab55, 4 source(s)>
[2021-08-05 20:59:36 #129 INFO] Sending <SourceGroup Subduction Interface, 13 source(s)>
[2021-08-05 20:59:36 #129 INFO] Sending <SourceGroup Stable Shallow Crust, 29 source(s)>
[2021-08-05 20:59:36 #129 INFO] Sending <SourceGroup Stable Shallow Crust, 4 source(s)>
[2021-08-05 20:59:36 #129 INFO] Sending <SourceGroup Stable Shallow Crust, 6 source(s)>
[2021-08-05 20:59:36 #129 INFO] Sending <SourceGroup Stable Shallow Crust, 18 source(s)>
[2021-08-05 20:59:36 #129 INFO] Sending <SourceGroup Stable Shallow Crust, 10 source(s)>
[2021-08-05 20:59:36 #129 INFO] Sending <SourceGroup Stable Shallow Crust, 38 source(s)>
[2021-08-05 20:59:36 #129 INFO] Sending <SourceGroup Stable Shallow Crust, 14 source(s)>
[2021-08-05 20:59:36 #129 INFO] Sending <SourceGroup Active Shallow Crust, 1 source(s)>
[2021-08-05 20:59:36 #129 INFO] Sending <SourceGroup Active Shallow Crust, 57 source(s)>
[2021-08-05 20:59:36 #129 INFO] Sending <SourceGroup Active Shallow Crust, 1 source(s)>
[2021-08-05 20:59:38 #129 INFO] Sent 96 tasks, 79.9 MB in 0 seconds
[2021-08-05 20:59:39 #129 INFO] sample_ruptures   1% [98 submitted, 3 queued]
[2021-08-05 20:59:39 #129 INFO] sample_ruptures   2% [99 submitted, 2 queued]
[2021-08-05 20:59:39 #129 INFO] sample_ruptures   3% [100 submitted, 1 queued]
[2021-08-05 20:59:39 #129 INFO] sample_ruptures   4% [101 submitted, 0 queued]
[2021-08-05 20:59:39 #129 INFO] sample_ruptures   5% [101 submitted, 0 queued]
[2021-08-05 20:59:39 #129 INFO] sample_ruptures   6% [101 submitted, 0 queued]
[2021-08-05 20:59:40 #129 INFO] sample_ruptures   7% [101 submitted, 0 queued]
[2021-08-05 20:59:40 #129 INFO] sample_ruptures   8% [101 submitted, 0 queued]
[2021-08-05 20:59:40 #129 INFO] sample_ruptures   9% [101 submitted, 0 queued]
[2021-08-05 20:59:40 #129 INFO] sample_ruptures  10% [101 submitted, 0 queued]
[2021-08-05 20:59:40 #129 INFO] sample_ruptures  11% [101 submitted, 0 queued]
[2021-08-05 20:59:40 #129 INFO] sample_ruptures  12% [101 submitted, 0 queued]
[2021-08-05 20:59:40 #129 INFO] sample_ruptures  13% [101 submitted, 0 queued]
[2021-08-05 20:59:40 #129 INFO] sample_ruptures  14% [101 submitted, 0 queued]
[2021-08-05 20:59:40 #129 INFO] sample_ruptures  15% [101 submitted, 0 queued]
[2021-08-05 20:59:40 #129 INFO] sample_ruptures  16% [101 submitted, 0 queued]
[2021-08-05 20:59:40 #129 INFO] sample_ruptures  17% [101 submitted, 0 queued]
[2021-08-05 20:59:40 #129 INFO] sample_ruptures  18% [101 submitted, 0 queued]
[2021-08-05 20:59:40 #129 INFO] sample_ruptures  19% [101 submitted, 0 queued]
[2021-08-05 20:59:40 #129 INFO] sample_ruptures  20% [101 submitted, 0 queued]
[2021-08-05 20:59:40 #129 INFO] sample_ruptures  21% [101 submitted, 0 queued]
[2021-08-05 20:59:40 #129 INFO] sample_ruptures  22% [101 submitted, 0 queued]
[2021-08-05 20:59:40 #129 INFO] sample_ruptures  23% [101 submitted, 0 queued]
[2021-08-05 20:59:40 #129 INFO] sample_ruptures  24% [101 submitted, 0 queued]
[2021-08-05 20:59:40 #129 INFO] sample_ruptures  25% [101 submitted, 0 queued]
[2021-08-05 20:59:40 #129 INFO] sample_ruptures  26% [101 submitted, 0 queued]
[2021-08-05 20:59:40 #129 INFO] sample_ruptures  27% [101 submitted, 0 queued]
[2021-08-05 20:59:40 #129 INFO] sample_ruptures  28% [101 submitted, 0 queued]
[2021-08-05 20:59:40 #129 INFO] sample_ruptures  29% [101 submitted, 0 queued]
[2021-08-05 20:59:40 #129 INFO] sample_ruptures  30% [101 submitted, 0 queued]
[2021-08-05 20:59:40 #129 INFO] sample_ruptures  31% [101 submitted, 0 queued]
[2021-08-05 20:59:40 #129 INFO] sample_ruptures  32% [101 submitted, 0 queued]
[2021-08-05 20:59:40 #129 INFO] sample_ruptures  33% [101 submitted, 0 queued]
[2021-08-05 20:59:40 #129 INFO] sample_ruptures  34% [101 submitted, 0 queued]
[2021-08-05 20:59:40 #129 INFO] sample_ruptures  35% [101 submitted, 0 queued]
[2021-08-05 20:59:40 #129 INFO] sample_ruptures  36% [101 submitted, 0 queued]
[2021-08-05 20:59:40 #129 INFO] sample_ruptures  37% [101 submitted, 0 queued]
[2021-08-05 20:59:40 #129 INFO] sample_ruptures  38% [101 submitted, 0 queued]
[2021-08-05 20:59:40 #129 INFO] sample_ruptures  39% [101 submitted, 0 queued]
[2021-08-05 20:59:40 #129 INFO] sample_ruptures  40% [101 submitted, 0 queued]
[2021-08-05 20:59:40 #129 INFO] sample_ruptures  41% [101 submitted, 0 queued]
[2021-08-05 20:59:40 #129 INFO] sample_ruptures  42% [101 submitted, 0 queued]
[2021-08-05 20:59:40 #129 INFO] sample_ruptures  43% [101 submitted, 0 queued]
[2021-08-05 20:59:40 #129 INFO] sample_ruptures  44% [101 submitted, 0 queued]
[2021-08-05 20:59:40 #129 INFO] sample_ruptures  45% [101 submitted, 0 queued]
[2021-08-05 20:59:40 #129 INFO] sample_ruptures  46% [101 submitted, 0 queued]
[2021-08-05 20:59:40 #129 INFO] sample_ruptures  47% [101 submitted, 0 queued]
[2021-08-05 20:59:40 #129 INFO] sample_ruptures  48% [101 submitted, 0 queued]
[2021-08-05 20:59:40 #129 INFO] sample_ruptures  49% [101 submitted, 0 queued]
[2021-08-05 20:59:40 #129 INFO] sample_ruptures  50% [101 submitted, 0 queued]
[2021-08-05 20:59:40 #129 INFO] sample_ruptures  51% [101 submitted, 0 queued]
[2021-08-05 20:59:40 #129 INFO] sample_ruptures  52% [101 submitted, 0 queued]
[2021-08-05 20:59:40 #129 INFO] sample_ruptures  53% [101 submitted, 0 queued]
[2021-08-05 20:59:40 #129 INFO] sample_ruptures  54% [101 submitted, 0 queued]
[2021-08-05 20:59:40 #129 INFO] sample_ruptures  55% [101 submitted, 0 queued]
[2021-08-05 20:59:40 #129 INFO] sample_ruptures  56% [101 submitted, 0 queued]
[2021-08-05 20:59:40 #129 INFO] sample_ruptures  57% [101 submitted, 0 queued]
[2021-08-05 20:59:40 #129 INFO] sample_ruptures  58% [101 submitted, 0 queued]
[2021-08-05 20:59:40 #129 INFO] sample_ruptures  59% [101 submitted, 0 queued]
[2021-08-05 20:59:40 #129 INFO] sample_ruptures  60% [101 submitted, 0 queued]
[2021-08-05 20:59:40 #129 INFO] sample_ruptures  61% [101 submitted, 0 queued]
[2021-08-05 20:59:41 #129 INFO] sample_ruptures  62% [101 submitted, 0 queued]
[2021-08-05 20:59:41 #129 INFO] sample_ruptures  63% [101 submitted, 0 queued]
[2021-08-05 20:59:41 #129 INFO] sample_ruptures  64% [101 submitted, 0 queued]
[2021-08-05 20:59:41 #129 INFO] sample_ruptures  65% [101 submitted, 0 queued]
[2021-08-05 20:59:41 #129 INFO] sample_ruptures  66% [101 submitted, 0 queued]
[2021-08-05 20:59:41 #129 INFO] sample_ruptures  67% [101 submitted, 0 queued]
[2021-08-05 20:59:41 #129 INFO] sample_ruptures  68% [101 submitted, 0 queued]
[2021-08-05 20:59:41 #129 INFO] sample_ruptures  69% [101 submitted, 0 queued]
[2021-08-05 20:59:41 #129 INFO] sample_ruptures  70% [101 submitted, 0 queued]
[2021-08-05 20:59:41 #129 INFO] sample_ruptures  71% [101 submitted, 0 queued]
[2021-08-05 20:59:41 #129 INFO] sample_ruptures  72% [101 submitted, 0 queued]
[2021-08-05 20:59:41 #129 INFO] sample_ruptures  73% [101 submitted, 0 queued]
[2021-08-05 20:59:41 #129 INFO] sample_ruptures  74% [101 submitted, 0 queued]
[2021-08-05 20:59:41 #129 INFO] sample_ruptures  75% [101 submitted, 0 queued]
[2021-08-05 20:59:41 #129 INFO] sample_ruptures  76% [101 submitted, 0 queued]
[2021-08-05 20:59:41 #129 INFO] sample_ruptures  77% [101 submitted, 0 queued]
[2021-08-05 20:59:57 #129 INFO] sample_ruptures  78% [101 submitted, 0 queued]
[2021-08-05 21:00:58 #129 INFO] sample_ruptures  79% [101 submitted, 0 queued]
[2021-08-05 21:03:37 #129 INFO] sample_ruptures  80% [101 submitted, 0 queued]
[2021-08-05 21:03:49 #129 INFO] sample_ruptures  81% [101 submitted, 0 queued]
[2021-08-05 21:03:49 #129 INFO] sample_ruptures  82% [101 submitted, 0 queued]
[2021-08-05 21:03:56 #129 INFO] sample_ruptures  83% [101 submitted, 0 queued]
[2021-08-05 21:04:24 #129 INFO] sample_ruptures  84% [101 submitted, 0 queued]
[2021-08-05 21:04:30 #129 INFO] sample_ruptures  85% [101 submitted, 0 queued]
[2021-08-05 21:04:44 #129 INFO] sample_ruptures  86% [101 submitted, 0 queued]
[2021-08-05 21:04:46 #129 INFO] sample_ruptures  87% [101 submitted, 0 queued]
[2021-08-05 21:06:24 #129 INFO] sample_ruptures  88% [101 submitted, 0 queued]
[2021-08-05 21:07:10 #129 INFO] sample_ruptures  89% [101 submitted, 0 queued]
[2021-08-05 21:07:21 #129 INFO] sample_ruptures  90% [101 submitted, 0 queued]
[2021-08-05 21:12:39 #129 INFO] sample_ruptures  91% [101 submitted, 0 queued]
[2021-08-05 21:13:32 #129 INFO] sample_ruptures  92% [101 submitted, 0 queued]
[2021-08-05 21:15:33 #129 INFO] sample_ruptures  93% [101 submitted, 0 queued]
[2021-08-05 21:15:46 #129 INFO] sample_ruptures  94% [101 submitted, 0 queued]
[2021-08-05 21:16:28 #129 INFO] sample_ruptures  95% [101 submitted, 0 queued]
[2021-08-05 21:17:25 #129 INFO] sample_ruptures  96% [101 submitted, 0 queued]
[2021-08-05 21:18:26 #129 INFO] sample_ruptures  97% [101 submitted, 0 queued]
[2021-08-05 21:23:28 #129 INFO] sample_ruptures  98% [101 submitted, 0 queued]
[2021-08-05 21:23:52 #129 INFO] sample_ruptures  99% [101 submitted, 0 queued]
[2021-08-05 21:28:25 #129 INFO] sample_ruptures 100% [101 submitted, 0 queued]
[2021-08-05 21:28:25 #129 INFO] Mean time per core=188s, std=390.0s, min=0s, max=1719s
[2021-08-05 21:28:25 #129 INFO] Received {'rup_array': '1.4 GB', 'calc_times': '21.04 KB', 'eff_ruptures': '4.04 KB'} in 1727 seconds
[2021-08-05 21:28:25 #129 INFO] There are 1600 realization(s)
[2021-08-05 21:28:26 #129 INFO] Reordering the ruptures and storing the events
[2021-08-05 21:28:36 #129 INFO] Associating event_id -> rlz_id for 108_087_885 events and 6_526_767 ruptures
[2021-08-05 21:32:29 #129 INFO] Sent 210 tasks, 697.43 MB in 214 seconds
[2021-08-05 21:41:55 #129 INFO] Mean time per core=149s, std=146.4s, min=20s, max=702s
[2021-08-05 21:41:55 #129 INFO] Received {'tot': '1.01 GB'} in 566 seconds
[2021-08-05 21:49:56 #129 INFO] minimum_intensity={'SA(0.3)': 0.02, 'SA(0.6)': 0.05, 'SA(1.0)': 0.05, 'SA(2.0)': 0.05, 'SA(0.5)': 0.05}
[2021-08-05 21:49:56 #129 INFO] Sending 6_526_767 ruptures
[2021-08-05 21:54:33 #129 INFO] Sent 210 tasks, 706.45 MB in 259 seconds
[2021-08-05 22:41:57 #129 INFO] start_ebrisk   1% [1974 submitted, 0 queued]
[2021-08-05 23:21:59 #129 INFO] start_ebrisk   2% [2388 submitted, 0 queued]
[2021-08-05 23:49:31 #129 INFO] start_ebrisk   3% [2891 submitted, 0 queued]
[2021-08-06 00:42:24 #129 INFO] start_ebrisk   4% [3431 submitted, 0 queued]
[2021-08-06 01:56:33 #129 INFO] start_ebrisk   5% [3431 submitted, 0 queued]
[2021-08-06 02:47:19 #129 INFO] start_ebrisk   6% [3431 submitted, 0 queued]
[2021-08-06 04:06:51 #129 INFO] start_ebrisk   7% [3431 submitted, 0 queued]
[2021-08-06 05:03:25 #129 INFO] start_ebrisk   8% [3431 submitted, 0 queued]
[2021-08-06 05:54:45 #129 INFO] start_ebrisk   9% [3431 submitted, 0 queued]
[2021-08-06 07:17:09 #129 INFO] start_ebrisk  10% [3431 submitted, 0 queued]
[2021-08-06 08:12:55 #129 INFO] start_ebrisk  11% [3431 submitted, 0 queued]
[2021-08-06 09:22:07 #129 INFO] start_ebrisk  12% [3431 submitted, 0 queued]
[2021-08-06 10:18:41 #129 INFO] start_ebrisk  13% [3431 submitted, 0 queued]
[2021-08-06 11:31:19 #129 INFO] start_ebrisk  14% [3431 submitted, 0 queued]
[2021-08-06 12:34:25 #129 INFO] start_ebrisk  15% [3431 submitted, 0 queued]
[2021-08-06 13:41:35 #129 INFO] start_ebrisk  16% [3431 submitted, 0 queued]
[2021-08-06 14:51:54 #129 INFO] start_ebrisk  17% [3431 submitted, 0 queued]
[2021-08-06 15:59:48 #129 INFO] start_ebrisk  18% [3431 submitted, 0 queued]
[2021-08-06 16:57:55 #129 INFO] start_ebrisk  19% [3431 submitted, 0 queued]
[2021-08-06 18:07:30 #129 INFO] start_ebrisk  20% [3431 submitted, 0 queued]
[2021-08-06 19:09:57 #129 INFO] start_ebrisk  21% [3431 submitted, 0 queued]
[2021-08-06 20:10:28 #129 INFO] start_ebrisk  22% [3431 submitted, 0 queued]
[2021-08-06 21:07:32 #129 INFO] start_ebrisk  23% [3431 submitted, 0 queued]
[2021-08-06 22:14:08 #129 INFO] start_ebrisk  24% [3431 submitted, 0 queued]
[2021-08-06 23:22:21 #129 INFO] start_ebrisk  25% [3431 submitted, 0 queued]
[2021-08-07 00:25:42 #129 INFO] start_ebrisk  26% [3431 submitted, 0 queued]
[2021-08-07 01:48:05 #129 INFO] start_ebrisk  27% [3431 submitted, 0 queued]
[2021-08-07 03:03:22 #129 INFO] start_ebrisk  28% [3431 submitted, 0 queued]
[2021-08-07 04:09:18 #129 INFO] start_ebrisk  29% [3431 submitted, 0 queued]
[2021-08-07 05:36:26 #129 INFO] start_ebrisk  30% [3431 submitted, 0 queued]
[2021-08-07 06:27:04 #129 INFO] start_ebrisk  31% [3431 submitted, 0 queued]
[2021-08-07 07:43:02 #129 INFO] start_ebrisk  32% [3431 submitted, 0 queued]
[2021-08-07 08:51:18 #129 INFO] start_ebrisk  33% [3431 submitted, 0 queued]
[2021-08-07 10:14:55 #129 INFO] start_ebrisk  34% [3431 submitted, 0 queued]
[2021-08-07 11:43:58 #129 INFO] start_ebrisk  35% [3431 submitted, 0 queued]
[2021-08-07 12:56:03 #129 INFO] start_ebrisk  36% [3431 submitted, 0 queued]
[2021-08-07 14:15:36 #129 INFO] start_ebrisk  37% [3431 submitted, 0 queued]
[2021-08-07 15:33:10 #129 INFO] start_ebrisk  38% [3431 submitted, 0 queued]
[2021-08-07 16:55:46 #129 INFO] start_ebrisk  39% [3431 submitted, 0 queued]
[2021-08-07 18:15:11 #129 INFO] start_ebrisk  40% [3431 submitted, 0 queued]
[2021-08-07 19:21:24 #129 INFO] start_ebrisk  41% [3431 submitted, 0 queued]
[2021-08-07 21:06:29 #129 INFO] start_ebrisk  42% [3431 submitted, 0 queued]
[2021-08-07 22:16:58 #129 INFO] start_ebrisk  43% [3431 submitted, 0 queued]
[2021-08-07 23:23:01 #129 INFO] start_ebrisk  44% [3431 submitted, 0 queued]
[2021-08-08 00:53:38 #129 INFO] start_ebrisk  45% [3431 submitted, 0 queued]
[2021-08-08 02:09:41 #129 INFO] start_ebrisk  46% [3431 submitted, 0 queued]
[2021-08-08 03:43:08 #129 INFO] start_ebrisk  47% [3431 submitted, 0 queued]
[2021-08-08 05:09:47 #129 INFO] start_ebrisk  48% [3431 submitted, 0 queued]
[2021-08-08 06:50:31 #129 INFO] start_ebrisk  49% [3431 submitted, 0 queued]
[2021-08-08 07:40:44 #129 INFO] start_ebrisk  50% [3431 submitted, 0 queued]
[2021-08-08 08:52:07 #129 INFO] start_ebrisk  51% [3431 submitted, 0 queued]
[2021-08-08 10:31:33 #129 INFO] start_ebrisk  52% [3431 submitted, 0 queued]
[2021-08-08 11:24:08 #129 INFO] start_ebrisk  53% [3431 submitted, 0 queued]
[2021-08-08 12:34:58 #129 INFO] start_ebrisk  54% [3431 submitted, 0 queued]
[2021-08-08 15:02:33 #129 INFO] start_ebrisk  55% [3431 submitted, 0 queued]
[2021-08-08 15:20:26 #129 INFO] start_ebrisk  56% [3431 submitted, 0 queued]
[2021-08-08 16:03:54 #129 INFO] start_ebrisk  57% [3431 submitted, 0 queued]
[2021-08-08 17:36:34 #129 INFO] start_ebrisk  58% [3431 submitted, 0 queued]
[2021-08-08 18:41:17 #129 INFO] start_ebrisk  59% [3431 submitted, 0 queued]
[2021-08-08 19:57:02 #129 INFO] start_ebrisk  60% [3431 submitted, 0 queued]
[2021-08-08 20:40:27 #129 INFO] start_ebrisk  61% [3431 submitted, 0 queued]
[2021-08-08 22:35:49 #129 INFO] start_ebrisk  62% [3431 submitted, 0 queued]
[2021-08-08 23:36:09 #129 INFO] start_ebrisk  63% [3431 submitted, 0 queued]
[2021-08-09 00:13:33 #129 INFO] start_ebrisk  64% [3431 submitted, 0 queued]
[2021-08-09 02:19:02 #129 INFO] start_ebrisk  65% [3431 submitted, 0 queued]
[2021-08-09 03:13:28 #129 INFO] start_ebrisk  66% [3431 submitted, 0 queued]
[2021-08-09 04:54:49 #129 INFO] start_ebrisk  67% [3431 submitted, 0 queued]
[2021-08-09 06:01:17 #129 INFO] start_ebrisk  68% [3431 submitted, 0 queued]
[2021-08-09 06:35:30 #129 INFO] start_ebrisk  69% [3431 submitted, 0 queued]
[2021-08-09 08:15:42 #129 INFO] start_ebrisk  70% [3431 submitted, 0 queued]
[2021-08-09 09:20:48 #129 INFO] start_ebrisk  71% [3431 submitted, 0 queued]
[2021-08-09 10:06:46 #129 INFO] start_ebrisk  72% [3431 submitted, 0 queued]
[2021-08-09 11:05:37 #129 INFO] start_ebrisk  73% [3431 submitted, 0 queued]
[2021-08-09 13:02:41 #129 INFO] start_ebrisk  74% [3431 submitted, 0 queued]
[2021-08-09 13:43:07 #129 INFO] start_ebrisk  75% [3431 submitted, 0 queued]
[2021-08-09 14:44:32 #129 INFO] start_ebrisk  76% [3431 submitted, 0 queued]
[2021-08-09 16:43:26 #129 INFO] start_ebrisk  77% [3431 submitted, 0 queued]
[2021-08-09 17:24:10 #129 INFO] start_ebrisk  78% [3431 submitted, 0 queued]
[2021-08-09 18:42:50 #129 INFO] start_ebrisk  79% [3431 submitted, 0 queued]
[2021-08-09 20:34:02 #129 INFO] start_ebrisk  80% [3431 submitted, 0 queued]
[2021-08-09 21:40:46 #129 INFO] start_ebrisk  81% [3431 submitted, 0 queued]
[2021-08-09 22:52:59 #129 INFO] start_ebrisk  82% [3431 submitted, 0 queued]
[2021-08-10 00:10:01 #129 WARNING] Using over 93% of the memory in ip-10-70-136-20!
[2021-08-10 00:10:01 #129 INFO] Received {'losses_by_A': '4.21 GB', 'momenta': '854.35 MB', 'alt': '637.41 MB', 'gmf_info': '67.04 MB', 'events_per_sid': '57.79 KB', 'tot': '4 B'} in 353727 seconds
[2021-08-10 00:10:01 #129 CRITICAL] 
Traceback (most recent call last):
  File "/home/ssm-user/src/oq-engine/openquake/calculators/base.py", line 248, in run
    self.result = self.execute()
  File "/home/ssm-user/src/oq-engine/openquake/calculators/ebrisk.py", line 228, in execute
    smap.reduce(self.agg_dicts)
  File "/home/ssm-user/src/oq-engine/openquake/baselib/parallel.py", line 827, in reduce
    return self.submit_all().reduce(agg, acc)
  File "/home/ssm-user/src/oq-engine/openquake/baselib/parallel.py", line 587, in reduce
    acc = agg(acc, result)
  File "/home/ssm-user/src/oq-engine/openquake/calculators/ebrisk.py", line 239, in agg_dicts
    if 'gmf_info' in dic:
TypeError: argument of type 'NoneType' is not iterable
[2021-08-10 00:10:01 #129 CRITICAL] Traceback (most recent call last):
  File "/home/ssm-user/src/oq-engine/openquake/engine/engine.py", line 263, in run_calc
    calc.run(exports=exports, **kw)
  File "/home/ssm-user/src/oq-engine/openquake/calculators/base.py", line 248, in run
    self.result = self.execute()
  File "/home/ssm-user/src/oq-engine/openquake/calculators/ebrisk.py", line 228, in execute
    smap.reduce(self.agg_dicts)
  File "/home/ssm-user/src/oq-engine/openquake/baselib/parallel.py", line 827, in reduce
    return self.submit_all().reduce(agg, acc)
  File "/home/ssm-user/src/oq-engine/openquake/baselib/parallel.py", line 587, in reduce
    acc = agg(acc, result)
  File "/home/ssm-user/src/oq-engine/openquake/calculators/ebrisk.py", line 239, in agg_dicts
    if 'gmf_info' in dic:
TypeError: argument of type 'NoneType' is not iterable

[2021-08-10 00:10:06 #129 INFO] Stopping the workers
Traceback (most recent call last):
  File "/home/ssm-user/openquake/bin/oq", line 33, in <module>
    sys.exit(load_entry_point('openquake.engine', 'console_scripts', 'oq')())
  File "/home/ssm-user/src/oq-engine/openquake/commands/__main__.py", line 44, in oq
    sap.run(commands, prog='oq')
  File "/home/ssm-user/src/oq-engine/openquake/baselib/sap.py", line 225, in run
    return _run(parser(funcdict, **parserkw), argv)
  File "/home/ssm-user/src/oq-engine/openquake/baselib/sap.py", line 216, in _run
    return func(**dic)
  File "/home/ssm-user/src/oq-engine/openquake/commands/engine.py", line 164, in main
    run_jobs(job_inis, log_level, log_file, exports, **pars)
  File "/home/ssm-user/src/oq-engine/openquake/engine/engine.py", line 407, in run_jobs
    run_calc(*args)
  File "/home/ssm-user/src/oq-engine/openquake/engine/engine.py", line 263, in run_calc
    calc.run(exports=exports, **kw)
  File "/home/ssm-user/src/oq-engine/openquake/calculators/base.py", line 248, in run
    self.result = self.execute()
  File "/home/ssm-user/src/oq-engine/openquake/calculators/ebrisk.py", line 228, in execute
    smap.reduce(self.agg_dicts)
  File "/home/ssm-user/src/oq-engine/openquake/baselib/parallel.py", line 827, in reduce
    return self.submit_all().reduce(agg, acc)
  File "/home/ssm-user/src/oq-engine/openquake/baselib/parallel.py", line 587, in reduce
    acc = agg(acc, result)
  File "/home/ssm-user/src/oq-engine/openquake/calculators/ebrisk.py", line 239, in agg_dicts
    if 'gmf_info' in dic:
TypeError: argument of type 'NoneType' is not iterable
